<?xml version="1.0" encoding="UTF-8" ?>
<testsuite failures="0" time="0.018" errors="0" skipped="0" tests="3" name="br.com.settech.compositepattern.TestIllegalState">
  <properties>
[...]
</properties>
  <testcase time="0.003" classname="br.com.settech.compositepattern.TestIllegalState" name="callAllChildren"/>
  <testcase time="0.002" classname="br.com.settech.compositepattern.TestIllegalState" name="callRelativesList"/>
  <testcase time="0.001" classname="br.com.settech.compositepattern.TestIllegalState" name="callPossibleFathers"/>
</testsuite>