<?xml version="1.0" encoding="UTF-8" ?>
<testsuite errors="0" skipped="0" tests="4" time="0.063" failures="0" name="br.com.settech.compositepattern.TestCompositeSchema">
  <properties>
[...]
</properties>
  <testcase classname="br.com.settech.compositepattern.TestCompositeSchema" time="0.015" name="testSelectPossibleFathers"/>
  <testcase classname="br.com.settech.compositepattern.TestCompositeSchema" time="0.002" name="testGetRelatives"/>
  <testcase classname="br.com.settech.compositepattern.TestCompositeSchema" time="0.002" name="testGetAllChildren"/>
  <testcase classname="br.com.settech.compositepattern.TestCompositeSchema" time="0.002" name="testSelectLeafs"/>
</testsuite>